<?xml version="1.0" encoding="UTF-8"?>
<!-- Generated by org.testng.reporters.JUnitXMLReporter -->
<testsuite ignored="0" hostname="Syful-Lenovo" failures="0" tests="4" name="Regression" time="55.74" errors="0" timestamp="2018-11-20T00:05:54 EST">
  <testcase classname="Academy.validateNavbar" name="basePageNavigation" time="0.068"/>
  <testcase classname="Academy.validateTitle" name="basePageNavigation" time="0.129"/>
  <testcase classname="Academy.Homepage" name="basePageNavigation" time="12.518"/>
  <testcase classname="Academy.Homepage" name="basePageNavigation" time="10.948"/>
</testsuite> <!-- Regression -->
