<?xml version="1.0" encoding="UTF-8"?>
<testng-results skipped="0" failed="0" ignored="0" total="4" passed="4">
  <reporter-output>
  </reporter-output>
  <suite name="Homepage" duration-ms="48975" started-at="2018-11-20T02:05:24 EST" finished-at="2018-11-20T02:06:13 EST">
    <groups>
    </groups>
    <test name="validating homepage" duration-ms="22392" started-at="2018-11-20T02:05:24 EST" finished-at="2018-11-20T02:05:47 EST">
      <class name="Academy.Homepage">
        <test-method status="PASS" signature="initialize()[pri:0, instance:Academy.Homepage@72d1ad2e]" name="initialize" is-config="true" duration-ms="4595" started-at="2018-11-20T02:05:24 EST" finished-at="2018-11-20T02:05:29 EST">
          <reporter-output>
          </reporter-output>
        </test-method> <!-- initialize -->
        <test-method status="PASS" signature="validateLoginFunction(java.lang.String, java.lang.String, java.lang.String)[pri:0, instance:Academy.Homepage@72d1ad2e]" name="validateLoginFunction" duration-ms="10772" started-at="2018-11-20T02:05:29 EST" data-provider="getData" finished-at="2018-11-20T02:05:40 EST">
          <params>
            <param index="0">
              <value>
                <![CDATA[syfulislam42@gmail.com]]>
              </value>
            </param>
            <param index="1">
              <value>
                <![CDATA[123456]]>
              </value>
            </param>
            <param index="2">
              <value>
                <![CDATA[restricted user]]>
              </value>
            </param>
          </params>
          <reporter-output>
          </reporter-output>
        </test-method> <!-- validateLoginFunction -->
        <test-method status="PASS" signature="validateLoginFunction(java.lang.String, java.lang.String, java.lang.String)[pri:0, instance:Academy.Homepage@72d1ad2e]" name="validateLoginFunction" duration-ms="6479" started-at="2018-11-20T02:05:40 EST" data-provider="getData" finished-at="2018-11-20T02:05:46 EST">
          <params>
            <param index="0">
              <value>
                <![CDATA[syfulislam41@gmail.com]]>
              </value>
            </param>
            <param index="1">
              <value>
                <![CDATA[654321]]>
              </value>
            </param>
            <param index="2">
              <value>
                <![CDATA[NonRestricted user]]>
              </value>
            </param>
          </params>
          <reporter-output>
          </reporter-output>
        </test-method> <!-- validateLoginFunction -->
        <test-method status="PASS" signature="tearDown()[pri:0, instance:Academy.Homepage@72d1ad2e]" name="tearDown" is-config="true" duration-ms="518" started-at="2018-11-20T02:05:46 EST" finished-at="2018-11-20T02:05:47 EST">
          <reporter-output>
          </reporter-output>
        </test-method> <!-- tearDown -->
      </class> <!-- Academy.Homepage -->
    </test> <!-- validating homepage -->
    <test name="validating the text within page" duration-ms="12901" started-at="2018-11-20T02:05:47 EST" finished-at="2018-11-20T02:06:00 EST">
      <class name="Academy.validateTitle">
        <test-method status="PASS" signature="initialize()[pri:0, instance:Academy.validateTitle@4efbca5a]" name="initialize" is-config="true" duration-ms="10383" started-at="2018-11-20T02:05:47 EST" finished-at="2018-11-20T02:05:57 EST">
          <reporter-output>
          </reporter-output>
        </test-method> <!-- initialize -->
        <test-method status="PASS" signature="ValidateText()[pri:0, instance:Academy.validateTitle@4efbca5a]" name="ValidateText" duration-ms="136" started-at="2018-11-20T02:05:57 EST" finished-at="2018-11-20T02:05:57 EST">
          <reporter-output>
          </reporter-output>
        </test-method> <!-- ValidateText -->
        <test-method status="PASS" signature="tearDown()[pri:0, instance:Academy.validateTitle@4efbca5a]" name="tearDown" is-config="true" duration-ms="2380" started-at="2018-11-20T02:05:57 EST" finished-at="2018-11-20T02:06:00 EST">
          <reporter-output>
          </reporter-output>
        </test-method> <!-- tearDown -->
      </class> <!-- Academy.validateTitle -->
    </test> <!-- validating the text within page -->
    <test name="validating the navigation bar" duration-ms="13559" started-at="2018-11-20T02:06:00 EST" finished-at="2018-11-20T02:06:13 EST">
      <class name="Academy.validateNavbar">
        <test-method status="PASS" signature="initialize()[pri:0, instance:Academy.validateNavbar@5b8dfcc1]" name="initialize" is-config="true" duration-ms="11067" started-at="2018-11-20T02:06:00 EST" finished-at="2018-11-20T02:06:11 EST">
          <reporter-output>
          </reporter-output>
        </test-method> <!-- initialize -->
        <test-method status="PASS" signature="validateNavigationbar()[pri:0, instance:Academy.validateNavbar@5b8dfcc1]" name="validateNavigationbar" duration-ms="73" started-at="2018-11-20T02:06:11 EST" finished-at="2018-11-20T02:06:11 EST">
          <reporter-output>
          </reporter-output>
        </test-method> <!-- validateNavigationbar -->
        <test-method status="PASS" signature="tearDown()[pri:0, instance:Academy.validateNavbar@5b8dfcc1]" name="tearDown" is-config="true" duration-ms="2417" started-at="2018-11-20T02:06:11 EST" finished-at="2018-11-20T02:06:13 EST">
          <reporter-output>
          </reporter-output>
        </test-method> <!-- tearDown -->
      </class> <!-- Academy.validateNavbar -->
    </test> <!-- validating the navigation bar -->
  </suite> <!-- Homepage -->
</testng-results>
