<?xml version="1.0" encoding="UTF-8"?>
<!-- Generated by org.testng.reporters.JUnitXMLReporter -->
<testsuite hostname="Syful-Lenovo" ignored="0" name="Regression" tests="4" failures="0" timestamp="2018-11-19T23:41:32 EST" time="50.816" errors="0">
  <testcase name="basePageNavigation" time="0.052" classname="Academy.validateNavbar"/>
  <testcase name="basePageNavigation" time="0.085" classname="Academy.validateTitle"/>
  <testcase name="basePageNavigation" time="12.827" classname="Academy.Homepage"/>
  <testcase name="basePageNavigation" time="7.79" classname="Academy.Homepage"/>
</testsuite> <!-- Regression -->
